{
  "RSpec": {
    "coverage": {
      "/home/rails/Desktop/task_manager_system/app/controllers/tasks_controller.rb": {
        "lines": [
          1,
          1,
          1,
          null,
          1,
          3,
          0,
          0,
          null,
          3,
          null,
          null,
          3,
          null,
          3,
          3,
          3,
          2,
          2,
          null,
          1,
          null,
          null,
          null,
          null,
          null,
          1,
          2,
          3,
          3,
          null,
          null,
          null,
          1,
          4,
          2,
          null,
          2,
          2,
          3,
          3,
          null,
          null,
          null,
          1,
          0,
          0,
          0,
          null,
          null,
          null,
          1,
          4,
          2,
          2,
          3,
          3,
          null,
          null,
          null,
          null,
          1,
          2,
          2,
          3,
          3,
          null,
          null,
          null,
          null,
          1,
          null,
          1,
          8,
          8,
          null,
          null,
          1,
          8,
          null,
          null
        ]
      },
      "/home/rails/Desktop/task_manager_system/app/controllers/application_controller.rb": {
        "lines": [
          1,
          1,
          null,
          1,
          1,
          1,
          1,
          1,
          1,
          null,
          null,
          null,
          1,
          23,
          23,
          null,
          23,
          23,
          0,
          0,
          null,
          null,
          0,
          null,
          null,
          null,
          1,
          23,
          23,
          0,
          23,
          0,
          null,
          null,
          null,
          1,
          null,
          1,
          0,
          null,
          null,
          null,
          null,
          null,
          null,
          1,
          8,
          null,
          8,
          8,
          4,
          null,
          null,
          null,
          8,
          4,
          null,
          null,
          null,
          null,
          1,
          0,
          null,
          null,
          null,
          null,
          null,
          null,
          1,
          0,
          null,
          null,
          null,
          null,
          null,
          null,
          1,
          0,
          null,
          null,
          null,
          null,
          null,
          null,
          1,
          0,
          0,
          null,
          null,
          null,
          null,
          null,
          0,
          null,
          null,
          null,
          1,
          31,
          null,
          null
        ]
      },
      "/home/rails/Desktop/task_manager_system/app/controllers/users_controller.rb": {
        "lines": [
          1,
          1,
          null,
          1,
          4,
          2,
          2,
          3,
          3,
          null,
          null,
          null,
          1,
          null,
          null,
          1,
          4,
          2,
          3,
          3,
          null,
          null,
          null,
          null,
          1,
          2,
          2,
          2,
          3,
          3,
          null,
          null,
          null,
          null,
          1,
          4,
          4,
          null,
          4,
          2,
          2,
          3,
          3,
          null,
          null,
          2,
          2,
          3,
          3,
          null,
          null,
          null,
          null,
          1,
          2,
          2,
          3,
          3,
          null,
          null,
          null,
          1,
          null,
          1,
          4,
          null,
          null,
          1,
          4,
          4,
          4,
          4,
          4,
          null,
          null
        ]
      },
      "/home/rails/Desktop/task_manager_system/app/jobs/send_emails_job.rb": {
        "lines": [
          1,
          1,
          null,
          1,
          0,
          null,
          null
        ]
      },
      "/home/rails/Desktop/task_manager_system/app/jobs/application_job.rb": {
        "lines": [
          1,
          null,
          null,
          null,
          null,
          null,
          null
        ]
      },
      "/home/rails/Desktop/task_manager_system/app/mailers/user_mailer.rb": {
        "lines": [
          1,
          1,
          0,
          0,
          null,
          null
        ]
      },
      "/home/rails/Desktop/task_manager_system/app/mailers/application_mailer.rb": {
        "lines": [
          1,
          1,
          1,
          null
        ]
      },
      "/home/rails/Desktop/task_manager_system/app/models/task.rb": {
        "lines": [
          1,
          1,
          1,
          null,
          1,
          null,
          1,
          1,
          null,
          1,
          null,
          1,
          null,
          28,
          null,
          1,
          null,
          null,
          null,
          null,
          null,
          null,
          null,
          null,
          null,
          null,
          null,
          null,
          null,
          null,
          null,
          null,
          null,
          null,
          null,
          1,
          1,
          1,
          null,
          null,
          null,
          null,
          1,
          24,
          null,
          null,
          null,
          null,
          1,
          null,
          1,
          33,
          null,
          null,
          1,
          33,
          1,
          null,
          null,
          null
        ]
      },
      "/home/rails/Desktop/task_manager_system/app/models/application_record.rb": {
        "lines": [
          1,
          1,
          null
        ]
      },
      "/home/rails/Desktop/task_manager_system/app/models/user.rb": {
        "lines": [
          1,
          1,
          null,
          1,
          null,
          null,
          null,
          null,
          null,
          null,
          null,
          1,
          null,
          null,
          null,
          null,
          null,
          null,
          1,
          null,
          1,
          1,
          null,
          1,
          null,
          1,
          76,
          null,
          null,
          1,
          76,
          null,
          null,
          1,
          50,
          null,
          null
        ]
      },
      "/home/rails/Desktop/task_manager_system/app/controllers/concerns/json_web_token.rb": {
        "lines": [
          1,
          1,
          null,
          1,
          38,
          38,
          null,
          null,
          1,
          23,
          23,
          null,
          0,
          null,
          null
        ]
      },
      "/home/rails/Desktop/task_manager_system/app/serializers/task_serializer.rb": {
        "lines": [
          1,
          1,
          null
        ]
      },
      "/home/rails/Desktop/task_manager_system/app/serializers/user_serializer.rb": {
        "lines": [
          1,
          1,
          null,
          1,
          null
        ]
      },
      "/home/rails/Desktop/task_manager_system/app/controllers/tasks_controller_v1.rb": {
        "lines": [
          0,
          0,
          0,
          null,
          0,
          0,
          0,
          0,
          0,
          0,
          0,
          0,
          0,
          0,
          0,
          0,
          0,
          0,
          0,
          0,
          0,
          0,
          0,
          0,
          0,
          0,
          0,
          null,
          0,
          null,
          0,
          0,
          0,
          0,
          0,
          0,
          0,
          0,
          0,
          0,
          0,
          null,
          0,
          0,
          0,
          0,
          0,
          0,
          null,
          0,
          0,
          0,
          null,
          0,
          0,
          0,
          0,
          0,
          0,
          null,
          0,
          0,
          0,
          0,
          0,
          0,
          null,
          0,
          0,
          0,
          0,
          0,
          0,
          0,
          0,
          0,
          null,
          0,
          0,
          0,
          0,
          0,
          0,
          0,
          0,
          null,
          0,
          null,
          0,
          0,
          0,
          0,
          null,
          0,
          0,
          0,
          0
        ],
        "branches": {}
      },
      "/home/rails/Desktop/task_manager_system/app/helpers/application_helper.rb": {
        "lines": [
          0,
          0
        ],
        "branches": {}
      },
      "/home/rails/Desktop/task_manager_system/app/helpers/tasks_helper.rb": {
        "lines": [
          0,
          0
        ],
        "branches": {}
      },
      "/home/rails/Desktop/task_manager_system/app/helpers/users_helper.rb": {
        "lines": [
          0,
          0
        ],
        "branches": {}
      },
      "/home/rails/Desktop/task_manager_system/app/models/task_v1.rb": {
        "lines": [
          0,
          0,
          0,
          null,
          0,
          null,
          0,
          0,
          null,
          0,
          null,
          0,
          null,
          0,
          null,
          0,
          0,
          0,
          0,
          0,
          0,
          null,
          null,
          0,
          null,
          0,
          0,
          0,
          null,
          0,
          0,
          0,
          0,
          0,
          0
        ],
        "branches": {}
      },
      "/home/rails/Desktop/task_manager_system/app/models/task_v2.rb": {
        "lines": [
          0,
          0,
          0,
          null,
          0,
          null,
          0,
          0,
          null,
          0,
          null,
          0,
          null,
          0,
          0,
          0,
          null,
          0,
          null,
          null,
          0,
          0,
          0,
          0,
          0,
          0,
          0,
          0,
          0,
          0,
          0,
          0,
          0,
          0,
          0,
          0,
          0,
          0,
          0,
          0,
          0,
          0,
          0,
          0,
          0,
          null,
          0,
          0,
          0,
          0,
          0,
          null,
          null,
          0,
          null,
          0,
          0,
          0,
          null,
          0,
          0,
          0,
          0,
          0,
          0
        ],
        "branches": {}
      }
    },
    "timestamp": 1771481632
  }
}
